[debug] [2025-02-18T11:55:34.080Z] ----------------------------------------------------------------------
[debug] [2025-02-18T11:55:34.082Z] Command:       C:\Program Files\nodejs\node.exe C:\Users\desktop\AppData\Roaming\npm\node_modules\firebase-tools\lib\bin\firebase.js init
[debug] [2025-02-18T11:55:34.082Z] CLI Version:   13.31.1
[debug] [2025-02-18T11:55:34.083Z] Platform:      win32
[debug] [2025-02-18T11:55:34.083Z] Node Version:  v22.13.1
[debug] [2025-02-18T11:55:34.083Z] Time:          Tue Feb 18 2025 17:25:34 GMT+0530 (India Standard Time)
[debug] [2025-02-18T11:55:34.083Z] ----------------------------------------------------------------------
[debug] 
[debug] [2025-02-18T11:55:34.086Z] >>> [apiv2][query] GET https://firebase-public.firebaseio.com/cli.json [none]
[debug] [2025-02-18T11:55:34.326Z] > command requires scopes: ["email","openid","https://www.googleapis.com/auth/cloudplatformprojects.readonly","https://www.googleapis.com/auth/firebase","https://www.googleapis.com/auth/cloud-platform"]
[debug] [2025-02-18T11:55:34.326Z] > authorizing via signed-in user (mr.vishalsingh987@gmail.com)
[info] 
     ######## #### ########  ######## ########     ###     ######  ########
     ##        ##  ##     ## ##       ##     ##  ##   ##  ##       ##
     ######    ##  ########  ######   ########  #########  ######  ######
     ##        ##  ##    ##  ##       ##     ## ##     ##       ## ##
     ##       #### ##     ## ######## ########  ##     ##  ######  ########

You're about to initialize a Firebase project in this directory:

  C:\Users\desktop

Before we get started, keep in mind:

  * You are initializing within an existing Firebase project directory

[debug] [2025-02-18T11:55:34.928Z] <<< [apiv2][status] GET https://firebase-public.firebaseio.com/cli.json 200
[debug] [2025-02-18T11:55:34.928Z] <<< [apiv2][body] GET https://firebase-public.firebaseio.com/cli.json {"cloudBuildErrorAfter":1594252800000,"cloudBuildWarnAfter":1590019200000,"defaultNode10After":1594252800000,"minVersion":"3.0.5","node8DeploysDisabledAfter":1613390400000,"node8RuntimeDisabledAfter":1615809600000,"node8WarnAfter":1600128000000}
